/*C1*/SET SCHEMA SYSTEM_LOBS
INSERT INTO BLOCKS VALUES(0,2147483647,0)
COMMIT
/*C2*/SET SCHEMA PUBLIC
create table categorias (id bigint generated by default as identity (start with 1), nome varchar(255), tipo varchar(255), primary key (id))
create table configuracao (id bigint generated by default as identity (start with 1), primeiro_acesso boolean not null, primary key (id))
create table contas (id bigint generated by default as identity (start with 1), data_nascimento date, nome varchar(255), nome_usuario varchar(255), senha varchar(255), primary key (id))
create table estudos (id bigint generated by default as identity (start with 1), descricao varchar(255), nome varchar(255), conta_id bigint, primary key (id))
create table financa (id bigint generated by default as identity (start with 1), gastos numeric(38,2), mes varbinary(255), renda numeric(38,2), reserva numeric(38,2), saldo numeric(38,2), primary key (id))
create table habitos (id bigint generated by default as identity (start with 1), concluido boolean not null, data date, nome varchar(255), primary key (id))
create table item_projeto_card (id bigint generated by default as identity (start with 1), concluido boolean not null, nome varchar(255), projeto_card_id bigint, primary key (id))
create table meta (id bigint not null, data date, nome varchar(255), status varchar(255), tipo varchar(255), primary key (id))
create table pomodoro_configuracao (id bigint generated by default as identity (start with 1), quantidade integer not null, tempo_break_curto integer, tempo_break_longo integer, tempo_pomodoro integer, primary key (id))
create table projeto (id bigint not null, categoria varchar(255), data date, nome varchar(255), primary key (id))
create table projeto_card (id bigint generated by default as identity (start with 1), data date, descricao varchar(255), nome varchar(255), status varchar(255), projeto_id bigint, primary key (id))
create table registro_estudo (id bigint generated by default as identity (start with 1), data date, descricao varchar(255), materia varchar(255), nome_conteudo varchar(255), tempo varchar(255), tipo varchar(255), estudo_id bigint, primary key (id))
create table registro_financa (id bigint generated by default as identity (start with 1), categoria varchar(255), data date, descricao varchar(255), valor numeric(38,2), financa_id bigint, primary key (id))
create table submeta (id bigint generated by default as identity (start with 1), data date, nome varchar(255), status varchar(255), meta_id bigint, primary key (id))
create table tarefas (id bigint not null, categoria varchar(255), concluida boolean not null, data date, descricao varchar(255), nome varchar(255), prioridade varchar(255), conta_id bigint, submeta_id bigint, primary key (id))
create table treino (id bigint not null, concluido boolean, data date, descricao varchar(255), nome varchar(255), tempo varchar(255), tipo varchar(255), primary key (id))
alter table meta add constraint UK_nbvcapk9uu3j8b59tor0pvsh2 unique (nome)
alter table submeta add constraint UK_xrkmmg9ug3ct3gfhn5cqola8 unique (nome)
create sequence meta_seq start with 1 increment by 50
create sequence projeto_seq start with 1 increment by 50
create sequence tarefas_seq start with 1 increment by 50
create sequence treino_seq start with 1 increment by 50
alter table estudos add constraint FKk44ccw0a0od9t1fuwb1e0qech foreign key (conta_id) references contas
alter table item_projeto_card add constraint FKih4p365p26phpofn13o8pdulo foreign key (projeto_card_id) references projeto_card
alter table projeto_card add constraint FKnomyau0t8rl7gqkajotrj1ihv foreign key (projeto_id) references projeto
alter table registro_estudo add constraint FKnplbte8m0womkddad8l2j778n foreign key (estudo_id) references estudos
alter table registro_financa add constraint FKtn3vijhlqh0h1s7edyscjfywu foreign key (financa_id) references financa
alter table submeta add constraint FKp1saw3fvrjdvx5l7a9r7vf9cf foreign key (meta_id) references meta
alter table tarefas add constraint FK4tg1kyqf7crniny3hm8us157p foreign key (conta_id) references contas
alter table tarefas add constraint FK9iw3awu80bjm2bw3f3wdc7n8q foreign key (submeta_id) references submeta
INSERT INTO FINANCA VALUES(1,0.00,NULL,0.00,0.00,0.00)
COMMIT
INSERT INTO POMODORO_CONFIGURACAO VALUES(1,4,5,15,25)
COMMIT
INSERT INTO CONFIGURACAO VALUES(1,TRUE)
COMMIT
DISCONNECT
/*C3*/SET SCHEMA PUBLIC
DISCONNECT
/*C4*/SET SCHEMA PUBLIC
DISCONNECT
/*C5*/SET SCHEMA PUBLIC
DISCONNECT
/*C6*/SET SCHEMA PUBLIC
DISCONNECT
/*C7*/SET SCHEMA PUBLIC
DISCONNECT
/*C8*/SET SCHEMA PUBLIC
DISCONNECT
/*C9*/SET SCHEMA PUBLIC
DISCONNECT
/*C10*/SET SCHEMA PUBLIC
DISCONNECT
/*C11*/SET SCHEMA PUBLIC
DISCONNECT
